This is pdfeTeX, Version 3.141592-1.21a-2.2 (Web2C 7.5.4) (format=latex 2007.11.29)  20 NOV 2009 17:03
entering extended mode
**hoppet-chiral-odd
(./hoppet-chiral-odd.tex
LaTeX2e <2003/12/01>
Babel <v3.8d> and hyphenation patterns for american, french, german, ngerman, b
ahasa, basque, bulgarian, catalan, croatian, czech, danish, dutch, esperanto, e
stonian, finnish, greek, icelandic, irish, italian, latin, magyar, norsk, polis
h, portuges, romanian, russian, serbian, slovak, slovene, spanish, swedish, tur
kish, ukrainian, nohyphenation, loaded.
(/usr/share/texmf/tex/latex/base/article.cls
Document Class: article 2004/02/16 v1.4f Standard LaTeX document class
(/usr/share/texmf/tex/latex/base/size12.clo
File: size12.clo 2004/02/16 v1.4f Standard LaTeX file (size option)
)
\c@part=\count79
\c@section=\count80
\c@subsection=\count81
\c@subsubsection=\count82
\c@paragraph=\count83
\c@subparagraph=\count84
\c@figure=\count85
\c@table=\count86
\abovecaptionskip=\skip41
\belowcaptionskip=\skip42
\bibindent=\dimen102
) (./hoppet-chiral-odd.aux)
\openout1 = `hoppet-chiral-odd.aux'.

LaTeX Font Info:    Checking defaults for OML/cmm/m/it on input line 3.
LaTeX Font Info:    ... okay on input line 3.
LaTeX Font Info:    Checking defaults for T1/cmr/m/n on input line 3.
LaTeX Font Info:    ... okay on input line 3.
LaTeX Font Info:    Checking defaults for OT1/cmr/m/n on input line 3.
LaTeX Font Info:    ... okay on input line 3.
LaTeX Font Info:    Checking defaults for OMS/cmsy/m/n on input line 3.
LaTeX Font Info:    ... okay on input line 3.
LaTeX Font Info:    Checking defaults for OMX/cmex/m/n on input line 3.
LaTeX Font Info:    ... okay on input line 3.
LaTeX Font Info:    Checking defaults for U/cmr/m/n on input line 3.
LaTeX Font Info:    ... okay on input line 3.

Underfull \hbox (badness 10000) in paragraph at lines 9--12

 []


Overfull \hbox (13.93492pt too wide) in paragraph at lines 26--28
\OT1/cmr/m/n/12 Four new func-tions are de-fined: \OT1/cmtt/m/n/12 codd[]Pgg, c
odd[]Pqq, codd[]Pgq \OT1/cmr/m/n/12 and \OT1/cmtt/m/n/12 codd[]Pqg\OT1/cmr/m/n/
12 .
 []

LaTeX Font Info:    External font `cmex10' loaded for size
(Font)              <12> on input line 31.
LaTeX Font Info:    External font `cmex10' loaded for size
(Font)              <8> on input line 31.
LaTeX Font Info:    External font `cmex10' loaded for size
(Font)              <6> on input line 31.
[1

] [2] (./hoppet-chiral-odd.aux) ) 
Here is how much of TeX's memory you used:
 231 strings out of 94501
 2536 string characters out of 1173691
 50348 words of memory out of 1000000
 3474 multiletter control sequences out of 10000+50000
 7320 words of font info for 27 fonts, out of 500000 for 2000
 580 hyphenation exceptions out of 1000
 22i,5n,19p,142b,109s stack positions out of 1500i,500n,5000p,200000b,5000s

Output written on hoppet-chiral-odd.dvi (2 pages, 2984 bytes).
