This is pdfeTeX, Version 3.141592-1.21a-2.2 (Web2C 7.5.4) (format=latex 2007.11.29)  20 NOV 2009 09:09
entering extended mode
**HOPPET-v1-doc.tex
(./HOPPET-v1-doc.tex
LaTeX2e <2003/12/01>
Babel <v3.8d> and hyphenation patterns for american, french, german, ngerman, b
ahasa, basque, bulgarian, catalan, croatian, czech, danish, dutch, esperanto, e
stonian, finnish, greek, icelandic, irish, italian, latin, magyar, norsk, polis
h, portuges, romanian, russian, serbian, slovak, slovene, spanish, swedish, tur
kish, ukrainian, nohyphenation, loaded.
(/usr/share/texmf/tex/latex/base/article.cls
Document Class: article 2004/02/16 v1.4f Standard LaTeX document class
(/usr/share/texmf/tex/latex/base/size12.clo
File: size12.clo 2004/02/16 v1.4f Standard LaTeX file (size option)
)
\c@part=\count79
\c@section=\count80
\c@subsection=\count81
\c@subsubsection=\count82
\c@paragraph=\count83
\c@subparagraph=\count84
\c@figure=\count85
\c@table=\count86
\abovecaptionskip=\skip41
\belowcaptionskip=\skip42
\bibindent=\dimen102
)
(/usr/share/texmf/tex/latex/amsmath/amsmath.sty
Package: amsmath 2000/07/18 v2.13 AMS math features
\@mathmargin=\skip43

For additional information on amsmath, use the `?' option.
(/usr/share/texmf/tex/latex/amsmath/amstext.sty
Package: amstext 2000/06/29 v2.01

(/usr/share/texmf/tex/latex/amsmath/amsgen.sty
File: amsgen.sty 1999/11/30 v2.0
\@emptytoks=\toks14
\ex@=\dimen103
))
(/usr/share/texmf/tex/latex/amsmath/amsbsy.sty
Package: amsbsy 1999/11/29 v1.2d
\pmbraise@=\dimen104
)
(/usr/share/texmf/tex/latex/amsmath/amsopn.sty
Package: amsopn 1999/12/14 v2.01 operator names
)
\inf@bad=\count87
LaTeX Info: Redefining \frac on input line 211.
\uproot@=\count88
\leftroot@=\count89
LaTeX Info: Redefining \overline on input line 307.
\classnum@=\count90
\DOTSCASE@=\count91
LaTeX Info: Redefining \ldots on input line 379.
LaTeX Info: Redefining \dots on input line 382.
LaTeX Info: Redefining \cdots on input line 467.
\Mathstrutbox@=\box26
\strutbox@=\box27
\big@size=\dimen105
LaTeX Font Info:    Redeclaring font encoding OML on input line 567.
LaTeX Font Info:    Redeclaring font encoding OMS on input line 568.
\macc@depth=\count92
\c@MaxMatrixCols=\count93
\dotsspace@=\muskip10
\c@parentequation=\count94
\dspbrk@lvl=\count95
\tag@help=\toks15
\row@=\count96
\column@=\count97
\maxfields@=\count98
\andhelp@=\toks16
\eqnshift@=\dimen106
\alignsep@=\dimen107
\tagshift@=\dimen108
\tagwidth@=\dimen109
\totwidth@=\dimen110
\lineht@=\dimen111
\@envbody=\toks17
\multlinegap=\skip44
\multlinetaggap=\skip45
\mathdisplay@stack=\toks18
LaTeX Info: Redefining \[ on input line 2666.
LaTeX Info: Redefining \] on input line 2667.
)
(/usr/share/texmf/tex/latex/amsfonts/amssymb.sty
Package: amssymb 2002/01/22 v2.2d

(/usr/share/texmf/tex/latex/amsfonts/amsfonts.sty
Package: amsfonts 2001/10/25 v2.2f
\symAMSa=\mathgroup4
\symAMSb=\mathgroup5
LaTeX Font Info:    Overwriting math alphabet `\mathfrak' in version `bold'
(Font)                  U/euf/m/n --> U/euf/b/n on input line 132.
))
(/usr/share/texmf/tex/latex/url/url.sty
\Urlmuskip=\muskip11
Package: url 2004/03/15  ver 3.1  Verb mode for urls, etc.
)
(/usr/share/texmf/tex/latex/hyperref/hyperref.sty
Package: hyperref 2003/11/30 v6.74m Hypertext links for LaTeX

(/usr/share/texmf/tex/latex/graphics/keyval.sty
Package: keyval 1999/03/16 v1.13 key=value parser (DPC)
\KV@toks@=\toks19
)
\@linkdim=\dimen112
\Hy@linkcounter=\count99
\Hy@pagecounter=\count100

(/usr/share/texmf/tex/latex/hyperref/pd1enc.def
File: pd1enc.def 2003/11/30 v6.74m Hyperref: PDFDocEncoding definition (HO)
)
(/usr/share/texmf/tex/latex/hyperref/hyperref.cfg
File: hyperref.cfg 2002/06/06 v1.2 hyperref configuration of TeXLive and teTeX
)
Package hyperref Info: Hyper figures OFF on input line 1880.
Package hyperref Info: Link nesting OFF on input line 1885.
Package hyperref Info: Hyper index ON on input line 1888.
Package hyperref Info: Plain pages ON on input line 1893.
Package hyperref Info: Backreferencing OFF on input line 1900.

Implicit mode ON; LaTeX internals redefined
Package hyperref Info: Bookmarks ON on input line 2004.
LaTeX Info: Redefining \url on input line 2143.
\Fld@menulength=\count101
\Field@Width=\dimen113
\Fld@charsize=\dimen114
\Choice@toks=\toks20
\Field@toks=\toks21
Package hyperref Info: Hyper figures OFF on input line 2618.
Package hyperref Info: Link nesting OFF on input line 2623.
Package hyperref Info: Hyper index ON on input line 2626.
Package hyperref Info: backreferencing OFF on input line 2633.
Package hyperref Info: Link coloring OFF on input line 2638.
\c@Item=\count102
\c@Hfootnote=\count103
)
*hyperref using default driver hdvips*
(/usr/share/texmf/tex/latex/hyperref/hdvips.def
File: hdvips.def 2003/11/30 v6.74m Hyperref driver for dvips

(/usr/share/texmf/tex/latex/hyperref/pdfmark.def
File: pdfmark.def 2003/11/30 v6.74m Hyperref definitions for pdfmark specials
\pdf@docset=\toks22
\pdf@box=\box28
\pdf@toks=\toks23
\pdf@defaulttoks=\toks24
\Fld@listcount=\count104
\@outlinefile=\write3
))
(/usr/share/texmf/tex/latex/tools/xspace.sty
Package: xspace 1997/10/13 v1.06 Space after command names (DPC)
)
(/usr/share/texmf/tex/latex/graphics/graphicx.sty
Package: graphicx 1999/02/16 v1.0f Enhanced LaTeX Graphics (DPC,SPQR)

(/usr/share/texmf/tex/latex/graphics/graphics.sty
Package: graphics 2001/07/07 v1.0n Standard LaTeX Graphics (DPC,SPQR)

(/usr/share/texmf/tex/latex/graphics/trig.sty
Package: trig 1999/03/16 v1.09 sin cos tan (DPC)
)
(/usr/share/texmf/tex/latex/graphics/graphics.cfg
File: graphics.cfg 2005/02/03 v1.3 graphics configuration of teTeX/TeXLive
)
Package graphics Info: Driver file: dvips.def on input line 80.

(/usr/share/texmf/tex/latex/graphics/dvips.def
File: dvips.def 1999/02/16 v3.0i Driver-dependant file (DPC,SPQR)
))
\Gin@req@height=\dimen115
\Gin@req@width=\dimen116
)
(/usr/share/texmf/tex/latex/a4wide/a4wide.sty
Package: a4wide 1994/08/30

(/usr/share/texmf/tex/latex/ntgclass/a4.sty
Package: a4 2004/04/15 v1.2g A4 based page layout
))
(/usr/share/texmf/tex/latex/graphics/color.sty
Package: color 1999/02/16 v1.0i Standard LaTeX Color (DPC)

(/usr/share/texmf/tex/latex/graphics/color.cfg
File: color.cfg 2005/02/03 v1.3 color configuration of teTeX/TeXLive
)
Package color Info: Driver file: dvips.def on input line 125.

(/usr/share/texmf/tex/latex/graphics/dvipsnam.def
File: dvipsnam.def 1999/02/16 v3.0i Driver-dependant file (DPC,SPQR)
))
(/usr/share/texmf/tex/latex/listings/listings.sty
\lst@mode=\count105
\lst@gtempboxa=\box29
\lst@token=\toks25
\lst@length=\count106
\lst@currlwidth=\dimen117
\lst@column=\count107
\lst@pos=\count108
\lst@lostspace=\dimen118
\lst@width=\dimen119
\lst@newlines=\count109
\lst@lineno=\count110
\c@lstlisting=\count111
\lst@maxwidth=\dimen120

(/usr/share/texmf/tex/latex/listings/lstpatch.sty
File: lstpatch.sty 2004/10/17 1.3b (Carsten Heinz)
)
(/usr/share/texmf/tex/latex/listings/lstmisc.sty
File: lstmisc.sty 2004/09/07 1.3 (Carsten Heinz)
\c@lstnumber=\count112
\lst@skipnumbers=\count113
\lst@framebox=\box30
)
(/usr/share/texmf/tex/latex/listings/listings.cfg
File: listings.cfg 2004/09/05 1.3 listings configuration
))
Package: listings 2004/10/17 1.3b (Carsten Heinz)

(/usr/share/texmf/tex/latex/listings/lstlang1.sty
File: lstlang1.sty 2004/09/05 1.3 listings language file
)
(/usr/share/texmf/tex/latex/listings/lstlang1.sty
File: lstlang1.sty 2004/09/05 1.3 listings language file
) (./HOPPET-v1-doc.aux)
\openout1 = `HOPPET-v1-doc.aux'.

LaTeX Font Info:    Checking defaults for OML/cmm/m/it on input line 116.
LaTeX Font Info:    ... okay on input line 116.
LaTeX Font Info:    Checking defaults for T1/cmr/m/n on input line 116.
LaTeX Font Info:    ... okay on input line 116.
LaTeX Font Info:    Checking defaults for OT1/cmr/m/n on input line 116.
LaTeX Font Info:    ... okay on input line 116.
LaTeX Font Info:    Checking defaults for OMS/cmsy/m/n on input line 116.
LaTeX Font Info:    ... okay on input line 116.
LaTeX Font Info:    Checking defaults for OMX/cmex/m/n on input line 116.
LaTeX Font Info:    ... okay on input line 116.
LaTeX Font Info:    Checking defaults for U/cmr/m/n on input line 116.
LaTeX Font Info:    ... okay on input line 116.
LaTeX Font Info:    Checking defaults for PD1/pdf/m/n on input line 116.
LaTeX Font Info:    ... okay on input line 116.
Package hyperref Info: Link coloring OFF on input line 116.

(/usr/share/texmf/tex/latex/hyperref/nameref.sty
Package: nameref 2003/12/03 v2.21 Cross-referencing by name of section
\c@section@level=\count114
)
LaTeX Info: Redefining \ref on input line 116.
LaTeX Info: Redefining \pageref on input line 116.
 (./HOPPET-v1-doc.out)
(./HOPPET-v1-doc.out)
\openout3 = `HOPPET-v1-doc.out'.

LaTeX Font Info:    Try loading font information for U+msa on input line 119.
 (/usr/share/texmf/tex/latex/amsfonts/umsa.fd
File: umsa.fd 2002/01/19 v2.2g AMS font definitions
)
LaTeX Font Info:    Try loading font information for U+msb on input line 119.

(/usr/share/texmf/tex/latex/amsfonts/umsb.fd
File: umsb.fd 2002/01/19 v2.2g AMS font definitions
) [1

]
Underfull \hbox (badness 10000) in paragraph at lines 142--143

 []

[2] (./HOPPET-v1-doc.toc [3])
\tf@toc=\write4
\openout4 = `HOPPET-v1-doc.toc'.


Overfull \hbox (0.5014pt too wide) in paragraph at lines 207--214
[]\OT1/cmr/m/n/12 The DGLAP equa-tion [[]] is a renor-mal-i-sa-tion group equa-
tion for the quan-tity $\OML/cmm/m/it/12 q[]\OT1/cmr/m/n/12 (\OML/cmm/m/it/12 x
; Q[]\OT1/cmr/m/n/12 )$,
 []

[4] [5]
Overfull \hbox (16.85558pt too wide) in paragraph at lines 310--321
[]\OT1/cmr/m/sc/12 hoppet\OT1/cmr/m/n/12 , the pro-gram pre-sented here, uses h
igher-order meth-ods both for the $\OML/cmm/m/it/12 x$\OT1/cmr/m/n/12 -integrat
ions
 []

[6]
Overfull \hbox (22.68251pt too wide) in alignment at lines 462--475
 [][][] []
 []

[7] [8] [9] [10]
File: interpolation-order.eps Graphic file (type eps)
 <interpolation-order.eps> [11]
LaTeX Font Info:    Font shape `OT1/cmtt/bx/n' in size <14.4> not available
(Font)              Font shape `OT1/cmtt/m/n' tried instead on input line 792.
 [12] [13]

Package hyperref Warning: Token not allowed in a PDFDocEncoded string,
(hyperref)                removing `math shift' on input line 883.


Package hyperref Warning: Token not allowed in a PDFDocEncoded string,
(hyperref)                removing `math shift' on input line 883.


Overfull \hbox (10.47066pt too wide) in paragraph at lines 892--897
\OT1/cmtt/m/n/12 allocatable \OT1/cmr/m/n/12 at-tribute. To deal-lo-cate a grid
 quan-tity, one may safely use the F95 \OT1/cmtt/m/n/12 deallocate
 []


Overfull \hbox (19.87804pt too wide) in paragraph at lines 926--930
\OT1/cmr/m/n/12 to ini-tialise \OT1/cmtt/m/n/12 xgluon \OT1/cmr/m/n/12 with a r
ep-re-sen-ta-tion of the re-turn value from the func-tion \OT1/cmtt/m/n/12 exam
ple[]xgluon\OT1/cmr/m/n/12 .
 []

[14] [15]
LaTeX Font Info:    Font shape `OT1/cmtt/bx/n' in size <12> not available
(Font)              Font shape `OT1/cmtt/m/n' tried instead on input line 1076.

 [16] [17] [18]
Overfull \hbox (38.93137pt too wide) in paragraph at lines 1245--1249
\OT1/cmr/m/n/12 The rou-tines de-scribed in this sec-tion are avail-able from t
he \OT1/cmtt/m/n/12 pdf[]general \OT1/cmr/m/n/12 and \OT1/cmtt/m/n/12 pdf[]repr
esentation
 []

[19]
Overfull \hbox (57.1123pt too wide) in paragraph at lines 1336--1338
\OT1/cmr/m/n/12 There ex-ist a num-ber of other op-tions, which can be found by
 brows-ing through \OT1/cmtt/m/n/12 src/pdf[]general.f90\OT1/cmr/m/n/12 .
 []


Overfull \hbox (20.28592pt too wide) in paragraph at lines 1342--1344
\OT1/cmr/m/n/12 where \OT1/cmtt/m/n/12 LHAsub \OT1/cmr/m/n/12 is the name of a 
sub-rou-tine with the same in-ter-face as LHAPDF's \OT1/cmtt/m/n/12 evolvePDF \
OT1/cmr/m/n/12 [[]]: 
 []

[20] [21]
Overfull \hbox (38.02441pt too wide) in paragraph at lines 1413--1414
[][][][][][][][][][][][][][][][][][][][][][][][][][][][][][][][][][][][][][][][
][][][][][][][][][][][][][][][][][][][] 
 []


Overfull \hbox (4.76016pt too wide) in paragraph at lines 1439--1444
\OT1/cmr/m/n/12 Splitting func-tion ma-tri-ces and their ac-tions on PDFs are d
e-fined in  \OT1/cmtt/m/n/12 module dglap[]objects
 []

[22] [23]
Overfull \hbox (29.91833pt too wide) in paragraph at lines 1569--1577
\OT1/cmr/m/n/12 Note that we need to pro-vide the num-ber of ac-tive quark flav
ours to \OT1/cmtt/m/n/12 GetDerivedSplitMatProbes\OT1/cmr/m/n/12 .
 []

[24] [25] [26]
Overfull \hbox (20.38867pt too wide) in paragraph at lines 1780--1782
\OT1/cmr/m/n/12 with the fol-low-ing vari-ants de-fined (as in-te-ger pa-ram-e-
ters), again in the mod-ule \OT1/cmtt/m/n/12 dglap[]choices\OT1/cmr/m/n/12 : 
 []

[27] [28] [29] [30] [31] [32] [33]
Overfull \hbox (1.03398pt too wide) in paragraph at lines 2236--2245
\OT1/cmr/m/n/12 de-fault one for \OT1/cmtt/m/n/12 EvolvePDF \OT1/cmr/m/n/12 whi
ch, we re-call, may be set us-ing \OT1/cmtt/m/n/12 SetDefaultEvolutionDu(du)\OT
1/cmr/m/n/12 .
 []

[34] [35] [36] [37] [38]
File: grid.eps Graphic file (type eps)
 <grid.eps> [39] [40]
File: acc-dy0.2-dlnlnQ0.05.eps Graphic file (type eps)
 <acc-dy0.2-dlnlnQ0.05.eps>
File: acc-dy0.05-dlnlnQ0.0125.eps Graphic file (type eps)

<acc-dy0.05-dlnlnQ0.0125.eps>
File: dy.eps Graphic file (type eps)
 <dy.eps>
File: dlnlnQ.eps Graphic file (type eps)
 <dlnlnQ.eps> [41] [42]
File: acc-v-time.eps Graphic file (type eps)
 <acc-v-time.eps>
[43]
Overfull \hbox (2.96213pt too wide) in paragraph at lines 2865--2884
 [][] 
 []

[44] [45] [46] [47] [48] [49]
Overfull \hbox (70.7637pt too wide) in paragraph at lines 3229--3243
\OT1/cmr/m/n/12 in the \OT1/cmtt/m/n/12 examples[]f90/ \OT1/cmr/m/n/12 and \OT1
/cmtt/m/n/12 benchmarking/ \OT1/cmr/m/n/12 di-rec-to-ries. One, \OT1/cmtt/m/n/1
2 examples[]f90/tabulation[]example[]2.f90\OT1/cmr/m/n/12 ,
 []

[50] [51]
Overfull \hbox (3.19646pt too wide) in paragraph at lines 3487--3605
 [][] 
 []


Overfull \hbox (19.66957pt too wide) in paragraph at lines 3652--3654
\OT1/cmr/m/n/12 to ini-tialise \OT1/cmtt/m/n/12 gluon \OT1/cmr/m/n/12 with a re
p-re-sen-ta-tion of the re-turn value from the sub-rou-tine \OT1/cmtt/m/n/12 ex
ample[]gluon\OT1/cmr/m/n/12 . 
 []

[52] [53] [54] [55] [56] [57] [58]
Overfull \hbox (4.1584pt too wide) in paragraph at lines 3968--3970
 \OT1/cmr/bx/n/12 Floating-point pre-ci-sion:[] \OT1/cmr/m/n/12 A fi-nal point 
con-cerns floating-point vari-able types. Through-
 []

[59]
Underfull \hbox (badness 10000) in paragraph at lines 4038--4045
[]\OT1/cmr/m/n/12 L. Schoef-fel, Nucl. In-strum. Meth. A \OT1/cmr/bx/n/12 423 \
OT1/cmr/m/n/12 (1999) 439.
 []


Underfull \hbox (badness 10000) in paragraph at lines 4038--4045
\OT1/cmr/m/n/12 See also [][][][],
 []

[60] [61]
Underfull \hbox (badness 1189) in paragraph at lines 4261--4267
[]\OT1/cmr/m/n/12 M. Strat-mann and W. Vo-gel-sang, Nucl. Phys. B \OT1/cmr/bx/n
/12 496 \OT1/cmr/m/n/12 (1997) 41 [arXiv:hep-
 []

[62]
Underfull \hbox (badness 10000) in paragraph at lines 4436--4439
[]\OT1/cmr/m/n/12 Many in-tro-duc-tions and tu-to-ri-als about for-tran 90 may 
be found at
 []


Overfull \hbox (76.94453pt too wide) in paragraph at lines 4436--4439
[][][][] 
 []

[63] (./HOPPET-v1-doc.aux)

LaTeX Warning: Label(s) may have changed. Rerun to get cross-references right.

 ) 
Here is how much of TeX's memory you used:
 5253 strings out of 94501
 70462 string characters out of 1173691
 160395 words of memory out of 1000000
 8350 multiletter control sequences out of 10000+50000
 20624 words of font info for 80 fonts, out of 500000 for 2000
 580 hyphenation exceptions out of 1000
 31i,16n,54p,782b,1539s stack positions out of 1500i,500n,5000p,200000b,5000s

Output written on HOPPET-v1-doc.dvi (63 pages, 634560 bytes).
